build/app/intermediates/proguard-rules/release/aapt_rules.txt
# Referenced at merged_manifests/release/AndroidManifest.xml:19
-keep class androidx.core.app.CoreComponentFactory { <init>(); }
# Referenced at merged_manifests/release/AndroidManifest.xml:24
-keep class com.evolvingkid.covid19trakerindia.MainActivity { <init>(); }
# Referenced at merged_manifests/release/AndroidManifest.xml:19
-keep class io.flutter.app.FlutterApplication { <init>(); }